2020-08-11 21:41:32,885 WARN  [SoapUI] Missing folder [C:\Users\MohitGupta\Desktop\Project\my-app\ext] for external libraries
2020-08-11 21:41:33,086 INFO  [DefaultSoapUICore] initialized soapui-settings from [C:\Users\MohitGupta\soapui-settings.xml]
2020-08-11 21:41:33,947 WARN  [SoapUI] Plugin 'ready-uxm-plugin-os-1.0.3.jar' is not loaded because it hasn't been signed by SmartBear Software.
2020-08-11 21:41:34,782 INFO  [PluginManager] Adding plugin from [C:\Users\MohitGupta\.soapuios\plugins\readyapi-postman-1.0.1.jar]
2020-08-11 21:41:34,782 INFO  [PluginManager] Adding plugin from [C:\Users\MohitGupta\.soapuios\plugins\soapui-swagger-plugin-2.2-dist.jar]
2020-08-11 21:41:35,889 ERROR [SoapUI] An error occurred [com.eviware.soapui.plugins.auto.factories.AutoImportMethodFactory], see error log for details
2020-08-11 21:41:35,892 ERROR [errorlog] java.lang.ClassNotFoundException: com.eviware.soapui.plugins.auto.factories.AutoImportMethodFactory
java.lang.ClassNotFoundException: com.eviware.soapui.plugins.auto.factories.AutoImportMethodFactory
	at org.codehaus.plexus.classworlds.strategy.SelfFirstStrategy.loadClass(SelfFirstStrategy.java:50)
	at org.codehaus.plexus.classworlds.realm.ClassRealm.unsynchronizedLoadClass(ClassRealm.java:271)
	at org.codehaus.plexus.classworlds.realm.ClassRealm.loadClass(ClassRealm.java:247)
	at org.codehaus.plexus.classworlds.realm.ClassRealm.loadClass(ClassRealm.java:239)
	at java.lang.Class.forName0(Native Method)
	at java.lang.Class.forName(Class.java:264)
	at com.eviware.soapui.plugins.LoaderBase.loadAutoFactories(LoaderBase.java:113)
	at com.eviware.soapui.plugins.LoaderBase.loadFactories(LoaderBase.java:80)
	at com.eviware.soapui.plugins.PluginLoader.loadPluginFactories(PluginLoader.java:141)
	at com.eviware.soapui.plugins.PluginLoader.loadPlugin(PluginLoader.java:104)
	at com.eviware.soapui.plugins.PluginLoader.loadPlugin(PluginLoader.java:54)
	at com.eviware.soapui.plugins.PluginManager.doInstallPlugin(PluginManager.java:141)
	at com.eviware.soapui.plugins.PluginManager.access$600(PluginManager.java:43)
	at com.eviware.soapui.plugins.PluginManager$LoadPluginsTask.computeSequentially(PluginManager.java:420)
	at com.eviware.soapui.plugins.PluginManager$LoadPluginsTask.compute(PluginManager.java:377)
	at com.eviware.soapui.plugins.PluginManager$LoadPluginsTask.compute(PluginManager.java:382)
	at com.eviware.soapui.plugins.PluginManager$LoadPluginsTask.compute(PluginManager.java:365)
	at java.util.concurrent.RecursiveTask.exec(RecursiveTask.java:94)
	at java.util.concurrent.ForkJoinTask.doExec(ForkJoinTask.java:289)
	at java.util.concurrent.ForkJoinPool$WorkQueue.runTask(ForkJoinPool.java:1056)
	at java.util.concurrent.ForkJoinPool.runWorker(ForkJoinPool.java:1692)
	at java.util.concurrent.ForkJoinWorkerThread.run(ForkJoinWorkerThread.java:157)
2020-08-11 21:41:36,021 ERROR [SoapUI] An error occurred [com.eviware.soapui.plugins.auto.factories.AutoDiscoveryMethodFactory], see error log for details
2020-08-11 21:41:36,024 ERROR [errorlog] java.lang.ClassNotFoundException: com.eviware.soapui.plugins.auto.factories.AutoDiscoveryMethodFactory
java.lang.ClassNotFoundException: com.eviware.soapui.plugins.auto.factories.AutoDiscoveryMethodFactory
	at org.codehaus.plexus.classworlds.strategy.SelfFirstStrategy.loadClass(SelfFirstStrategy.java:50)
	at org.codehaus.plexus.classworlds.realm.ClassRealm.unsynchronizedLoadClass(ClassRealm.java:271)
	at org.codehaus.plexus.classworlds.realm.ClassRealm.loadClass(ClassRealm.java:247)
	at org.codehaus.plexus.classworlds.realm.ClassRealm.loadClass(ClassRealm.java:239)
	at java.lang.Class.forName0(Native Method)
	at java.lang.Class.forName(Class.java:264)
	at com.eviware.soapui.plugins.LoaderBase.loadAutoFactories(LoaderBase.java:113)
	at com.eviware.soapui.plugins.LoaderBase.loadFactories(LoaderBase.java:80)
	at com.eviware.soapui.plugins.PluginLoader.loadPluginFactories(PluginLoader.java:141)
	at com.eviware.soapui.plugins.PluginLoader.loadPlugin(PluginLoader.java:104)
	at com.eviware.soapui.plugins.PluginLoader.loadPlugin(PluginLoader.java:54)
	at com.eviware.soapui.plugins.PluginManager.doInstallPlugin(PluginManager.java:141)
	at com.eviware.soapui.plugins.PluginManager.access$600(PluginManager.java:43)
	at com.eviware.soapui.plugins.PluginManager$LoadPluginsTask.computeSequentially(PluginManager.java:420)
	at com.eviware.soapui.plugins.PluginManager$LoadPluginsTask.compute(PluginManager.java:377)
	at com.eviware.soapui.plugins.PluginManager$LoadPluginsTask.compute(PluginManager.java:382)
	at com.eviware.soapui.plugins.PluginManager$LoadPluginsTask.compute(PluginManager.java:365)
	at java.util.concurrent.RecursiveTask.exec(RecursiveTask.java:94)
	at java.util.concurrent.ForkJoinTask.doExec(ForkJoinTask.java:289)
	at java.util.concurrent.ForkJoinPool$WorkQueue.runTask(ForkJoinPool.java:1056)
	at java.util.concurrent.ForkJoinPool.runWorker(ForkJoinPool.java:1692)
	at java.util.concurrent.ForkJoinWorkerThread.run(ForkJoinWorkerThread.java:157)
2020-08-11 21:41:36,229 INFO  [PluginManager] Adding plugin from [C:\Users\MohitGupta\.soapuios\plugins\ready-mqtt-plugin-dist.jar]
2020-08-11 21:41:36,288 ERROR [SoapUI] An error occurred [com.eviware.soapui.plugins.auto.factories.AutoImportMethodFactory], see error log for details
2020-08-11 21:41:36,292 ERROR [errorlog] java.lang.ClassNotFoundException: com.eviware.soapui.plugins.auto.factories.AutoImportMethodFactory
java.lang.ClassNotFoundException: com.eviware.soapui.plugins.auto.factories.AutoImportMethodFactory
	at org.codehaus.plexus.classworlds.strategy.SelfFirstStrategy.loadClass(SelfFirstStrategy.java:50)
	at org.codehaus.plexus.classworlds.realm.ClassRealm.unsynchronizedLoadClass(ClassRealm.java:271)
	at org.codehaus.plexus.classworlds.realm.ClassRealm.loadClass(ClassRealm.java:247)
	at org.codehaus.plexus.classworlds.realm.ClassRealm.loadClass(ClassRealm.java:239)
	at java.lang.Class.forName0(Native Method)
	at java.lang.Class.forName(Class.java:264)
	at com.eviware.soapui.plugins.LoaderBase.loadAutoFactories(LoaderBase.java:113)
	at com.eviware.soapui.plugins.LoaderBase.loadFactories(LoaderBase.java:80)
	at com.eviware.soapui.plugins.PluginLoader.loadPluginFactories(PluginLoader.java:141)
	at com.eviware.soapui.plugins.PluginLoader.loadPlugin(PluginLoader.java:104)
	at com.eviware.soapui.plugins.PluginLoader.loadPlugin(PluginLoader.java:54)
	at com.eviware.soapui.plugins.PluginManager.doInstallPlugin(PluginManager.java:141)
	at com.eviware.soapui.plugins.PluginManager.access$600(PluginManager.java:43)
	at com.eviware.soapui.plugins.PluginManager$LoadPluginsTask.computeSequentially(PluginManager.java:420)
	at com.eviware.soapui.plugins.PluginManager$LoadPluginsTask.compute(PluginManager.java:377)
	at com.eviware.soapui.plugins.PluginManager$LoadPluginsTask.compute(PluginManager.java:365)
	at java.util.concurrent.RecursiveTask.exec(RecursiveTask.java:94)
	at java.util.concurrent.ForkJoinTask.doExec(ForkJoinTask.java:289)
	at java.util.concurrent.ForkJoinPool$WorkQueue.runTask(ForkJoinPool.java:1056)
	at java.util.concurrent.ForkJoinPool.runWorker(ForkJoinPool.java:1692)
	at java.util.concurrent.ForkJoinWorkerThread.run(ForkJoinWorkerThread.java:157)
2020-08-11 21:41:36,421 ERROR [SoapUI] An error occurred [com.eviware.soapui.plugins.auto.factories.AutoDiscoveryMethodFactory], see error log for details
2020-08-11 21:41:36,422 ERROR [errorlog] java.lang.ClassNotFoundException: com.eviware.soapui.plugins.auto.factories.AutoDiscoveryMethodFactory
java.lang.ClassNotFoundException: com.eviware.soapui.plugins.auto.factories.AutoDiscoveryMethodFactory
	at org.codehaus.plexus.classworlds.strategy.SelfFirstStrategy.loadClass(SelfFirstStrategy.java:50)
	at org.codehaus.plexus.classworlds.realm.ClassRealm.unsynchronizedLoadClass(ClassRealm.java:271)
	at org.codehaus.plexus.classworlds.realm.ClassRealm.loadClass(ClassRealm.java:247)
	at org.codehaus.plexus.classworlds.realm.ClassRealm.loadClass(ClassRealm.java:239)
	at java.lang.Class.forName0(Native Method)
	at java.lang.Class.forName(Class.java:264)
	at com.eviware.soapui.plugins.LoaderBase.loadAutoFactories(LoaderBase.java:113)
	at com.eviware.soapui.plugins.LoaderBase.loadFactories(LoaderBase.java:80)
	at com.eviware.soapui.plugins.PluginLoader.loadPluginFactories(PluginLoader.java:141)
	at com.eviware.soapui.plugins.PluginLoader.loadPlugin(PluginLoader.java:104)
	at com.eviware.soapui.plugins.PluginLoader.loadPlugin(PluginLoader.java:54)
	at com.eviware.soapui.plugins.PluginManager.doInstallPlugin(PluginManager.java:141)
	at com.eviware.soapui.plugins.PluginManager.access$600(PluginManager.java:43)
	at com.eviware.soapui.plugins.PluginManager$LoadPluginsTask.computeSequentially(PluginManager.java:420)
	at com.eviware.soapui.plugins.PluginManager$LoadPluginsTask.compute(PluginManager.java:377)
	at com.eviware.soapui.plugins.PluginManager$LoadPluginsTask.compute(PluginManager.java:365)
	at java.util.concurrent.RecursiveTask.exec(RecursiveTask.java:94)
	at java.util.concurrent.ForkJoinTask.doExec(ForkJoinTask.java:289)
	at java.util.concurrent.ForkJoinPool$WorkQueue.runTask(ForkJoinPool.java:1056)
	at java.util.concurrent.ForkJoinPool.runWorker(ForkJoinPool.java:1692)
	at java.util.concurrent.ForkJoinWorkerThread.run(ForkJoinWorkerThread.java:157)
2020-08-11 21:41:37,242 ERROR [SoapUI] An error occurred [com.eviware.soapui.plugins.auto.factories.AutoImportMethodFactory], see error log for details
2020-08-11 21:41:37,243 ERROR [errorlog] java.lang.ClassNotFoundException: com.eviware.soapui.plugins.auto.factories.AutoImportMethodFactory
java.lang.ClassNotFoundException: com.eviware.soapui.plugins.auto.factories.AutoImportMethodFactory
	at org.codehaus.plexus.classworlds.strategy.SelfFirstStrategy.loadClass(SelfFirstStrategy.java:50)
	at org.codehaus.plexus.classworlds.realm.ClassRealm.unsynchronizedLoadClass(ClassRealm.java:271)
	at org.codehaus.plexus.classworlds.realm.ClassRealm.loadClass(ClassRealm.java:247)
	at org.codehaus.plexus.classworlds.realm.ClassRealm.loadClass(ClassRealm.java:239)
	at java.lang.Class.forName0(Native Method)
	at java.lang.Class.forName(Class.java:264)
	at com.eviware.soapui.plugins.LoaderBase.loadAutoFactories(LoaderBase.java:113)
	at com.eviware.soapui.plugins.LoaderBase.loadFactories(LoaderBase.java:80)
	at com.eviware.soapui.plugins.PluginLoader.loadPluginFactories(PluginLoader.java:141)
	at com.eviware.soapui.plugins.PluginLoader.loadPlugin(PluginLoader.java:104)
	at com.eviware.soapui.plugins.PluginLoader.loadPlugin(PluginLoader.java:54)
	at com.eviware.soapui.plugins.PluginManager.doInstallPlugin(PluginManager.java:141)
	at com.eviware.soapui.plugins.PluginManager.access$600(PluginManager.java:43)
	at com.eviware.soapui.plugins.PluginManager$LoadPluginsTask.computeSequentially(PluginManager.java:420)
	at com.eviware.soapui.plugins.PluginManager$LoadPluginsTask.compute(PluginManager.java:377)
	at com.eviware.soapui.plugins.PluginManager$LoadPluginsTask.compute(PluginManager.java:382)
	at com.eviware.soapui.plugins.PluginManager$LoadPluginsTask.compute(PluginManager.java:365)
	at java.util.concurrent.RecursiveTask.exec(RecursiveTask.java:94)
	at java.util.concurrent.ForkJoinTask.doExec(ForkJoinTask.java:289)
	at java.util.concurrent.ForkJoinPool$WorkQueue.runTask(ForkJoinPool.java:1056)
	at java.util.concurrent.ForkJoinPool.runWorker(ForkJoinPool.java:1692)
	at java.util.concurrent.ForkJoinWorkerThread.run(ForkJoinWorkerThread.java:157)
2020-08-11 21:41:37,358 ERROR [SoapUI] An error occurred [com.eviware.soapui.plugins.auto.factories.AutoDiscoveryMethodFactory], see error log for details
2020-08-11 21:41:37,359 ERROR [errorlog] java.lang.ClassNotFoundException: com.eviware.soapui.plugins.auto.factories.AutoDiscoveryMethodFactory
java.lang.ClassNotFoundException: com.eviware.soapui.plugins.auto.factories.AutoDiscoveryMethodFactory
	at org.codehaus.plexus.classworlds.strategy.SelfFirstStrategy.loadClass(SelfFirstStrategy.java:50)
	at org.codehaus.plexus.classworlds.realm.ClassRealm.unsynchronizedLoadClass(ClassRealm.java:271)
	at org.codehaus.plexus.classworlds.realm.ClassRealm.loadClass(ClassRealm.java:247)
	at org.codehaus.plexus.classworlds.realm.ClassRealm.loadClass(ClassRealm.java:239)
	at java.lang.Class.forName0(Native Method)
	at java.lang.Class.forName(Class.java:264)
	at com.eviware.soapui.plugins.LoaderBase.loadAutoFactories(LoaderBase.java:113)
	at com.eviware.soapui.plugins.LoaderBase.loadFactories(LoaderBase.java:80)
	at com.eviware.soapui.plugins.PluginLoader.loadPluginFactories(PluginLoader.java:141)
	at com.eviware.soapui.plugins.PluginLoader.loadPlugin(PluginLoader.java:104)
	at com.eviware.soapui.plugins.PluginLoader.loadPlugin(PluginLoader.java:54)
	at com.eviware.soapui.plugins.PluginManager.doInstallPlugin(PluginManager.java:141)
	at com.eviware.soapui.plugins.PluginManager.access$600(PluginManager.java:43)
	at com.eviware.soapui.plugins.PluginManager$LoadPluginsTask.computeSequentially(PluginManager.java:420)
	at com.eviware.soapui.plugins.PluginManager$LoadPluginsTask.compute(PluginManager.java:377)
	at com.eviware.soapui.plugins.PluginManager$LoadPluginsTask.compute(PluginManager.java:382)
	at com.eviware.soapui.plugins.PluginManager$LoadPluginsTask.compute(PluginManager.java:365)
	at java.util.concurrent.RecursiveTask.exec(RecursiveTask.java:94)
	at java.util.concurrent.ForkJoinTask.doExec(ForkJoinTask.java:289)
	at java.util.concurrent.ForkJoinPool$WorkQueue.runTask(ForkJoinPool.java:1056)
	at java.util.concurrent.ForkJoinPool.runWorker(ForkJoinPool.java:1692)
	at java.util.concurrent.ForkJoinWorkerThread.run(ForkJoinWorkerThread.java:157)
2020-08-11 21:41:37,462 INFO  [PluginManager] Adding plugin from [C:\Users\MohitGupta\.soapuios\plugins\readyapi-swaggerhub-plugin-1.0.jar]
2020-08-11 21:41:38,219 ERROR [SoapUI] An error occurred [com.eviware.soapui.plugins.auto.factories.AutoImportMethodFactory], see error log for details
2020-08-11 21:41:38,220 ERROR [errorlog] java.lang.ClassNotFoundException: com.eviware.soapui.plugins.auto.factories.AutoImportMethodFactory
java.lang.ClassNotFoundException: com.eviware.soapui.plugins.auto.factories.AutoImportMethodFactory
	at org.codehaus.plexus.classworlds.strategy.SelfFirstStrategy.loadClass(SelfFirstStrategy.java:50)
	at org.codehaus.plexus.classworlds.realm.ClassRealm.unsynchronizedLoadClass(ClassRealm.java:271)
	at org.codehaus.plexus.classworlds.realm.ClassRealm.loadClass(ClassRealm.java:247)
	at org.codehaus.plexus.classworlds.realm.ClassRealm.loadClass(ClassRealm.java:239)
	at java.lang.Class.forName0(Native Method)
	at java.lang.Class.forName(Class.java:264)
	at com.eviware.soapui.plugins.LoaderBase.loadAutoFactories(LoaderBase.java:113)
	at com.eviware.soapui.plugins.LoaderBase.loadFactories(LoaderBase.java:80)
	at com.eviware.soapui.plugins.PluginLoader.loadPluginFactories(PluginLoader.java:141)
	at com.eviware.soapui.plugins.PluginLoader.loadPlugin(PluginLoader.java:104)
	at com.eviware.soapui.plugins.PluginLoader.loadPlugin(PluginLoader.java:54)
	at com.eviware.soapui.plugins.PluginManager.doInstallPlugin(PluginManager.java:141)
	at com.eviware.soapui.plugins.PluginManager.access$600(PluginManager.java:43)
	at com.eviware.soapui.plugins.PluginManager$LoadPluginsTask.computeSequentially(PluginManager.java:420)
	at com.eviware.soapui.plugins.PluginManager$LoadPluginsTask.compute(PluginManager.java:377)
	at com.eviware.soapui.plugins.PluginManager$LoadPluginsTask.compute(PluginManager.java:382)
	at com.eviware.soapui.plugins.PluginManager$LoadPluginsTask.compute(PluginManager.java:365)
	at java.util.concurrent.RecursiveTask.exec(RecursiveTask.java:94)
	at java.util.concurrent.ForkJoinTask.doExec(ForkJoinTask.java:289)
	at java.util.concurrent.ForkJoinPool$WorkQueue.runTask(ForkJoinPool.java:1056)
	at java.util.concurrent.ForkJoinPool.runWorker(ForkJoinPool.java:1692)
	at java.util.concurrent.ForkJoinWorkerThread.run(ForkJoinWorkerThread.java:157)
2020-08-11 21:41:38,322 ERROR [SoapUI] An error occurred [com.eviware.soapui.plugins.auto.factories.AutoDiscoveryMethodFactory], see error log for details
2020-08-11 21:41:38,324 ERROR [errorlog] java.lang.ClassNotFoundException: com.eviware.soapui.plugins.auto.factories.AutoDiscoveryMethodFactory
java.lang.ClassNotFoundException: com.eviware.soapui.plugins.auto.factories.AutoDiscoveryMethodFactory
	at org.codehaus.plexus.classworlds.strategy.SelfFirstStrategy.loadClass(SelfFirstStrategy.java:50)
	at org.codehaus.plexus.classworlds.realm.ClassRealm.unsynchronizedLoadClass(ClassRealm.java:271)
	at org.codehaus.plexus.classworlds.realm.ClassRealm.loadClass(ClassRealm.java:247)
	at org.codehaus.plexus.classworlds.realm.ClassRealm.loadClass(ClassRealm.java:239)
	at java.lang.Class.forName0(Native Method)
	at java.lang.Class.forName(Class.java:264)
	at com.eviware.soapui.plugins.LoaderBase.loadAutoFactories(LoaderBase.java:113)
	at com.eviware.soapui.plugins.LoaderBase.loadFactories(LoaderBase.java:80)
	at com.eviware.soapui.plugins.PluginLoader.loadPluginFactories(PluginLoader.java:141)
	at com.eviware.soapui.plugins.PluginLoader.loadPlugin(PluginLoader.java:104)
	at com.eviware.soapui.plugins.PluginLoader.loadPlugin(PluginLoader.java:54)
	at com.eviware.soapui.plugins.PluginManager.doInstallPlugin(PluginManager.java:141)
	at com.eviware.soapui.plugins.PluginManager.access$600(PluginManager.java:43)
	at com.eviware.soapui.plugins.PluginManager$LoadPluginsTask.computeSequentially(PluginManager.java:420)
	at com.eviware.soapui.plugins.PluginManager$LoadPluginsTask.compute(PluginManager.java:377)
	at com.eviware.soapui.plugins.PluginManager$LoadPluginsTask.compute(PluginManager.java:382)
	at com.eviware.soapui.plugins.PluginManager$LoadPluginsTask.compute(PluginManager.java:365)
	at java.util.concurrent.RecursiveTask.exec(RecursiveTask.java:94)
	at java.util.concurrent.ForkJoinTask.doExec(ForkJoinTask.java:289)
	at java.util.concurrent.ForkJoinPool$WorkQueue.runTask(ForkJoinPool.java:1056)
	at java.util.concurrent.ForkJoinPool.runWorker(ForkJoinPool.java:1692)
	at java.util.concurrent.ForkJoinWorkerThread.run(ForkJoinWorkerThread.java:157)
2020-08-11 21:41:38,436 INFO  [PluginManager] 4 plugins loaded in 3660 ms
2020-08-11 21:41:38,436 INFO  [DefaultSoapUICore] All plugins loaded
2020-08-11 21:41:39,949 INFO  [WsdlProject] Loaded project from [file:/C:/Users/MohitGupta/Desktop/Project/my-app/Project-Submission-soapui-project.xml]
2020-08-11 21:41:39,955 INFO  [SoapUITestCaseRunner] Running SoapUI tests in project [Project Submission]
2020-08-11 21:41:39,958 INFO  [SoapUITestCaseRunner] Running Project [Project Submission], runType = SEQUENTIAL
2020-08-11 21:41:39,970 INFO  [SoapUITestCaseRunner] Running SoapUI testcase [ADD,DELETE,GETALL,GETBYID]
2020-08-11 21:41:39,991 INFO  [SoapUITestCaseRunner] running step [Property for add]
2020-08-11 21:41:40,035 INFO  [SoapUITestCaseRunner] running step [Add user transfer details]
2020-08-11 21:41:40,362 INFO  [SoapUITestCaseRunner] running step [Add]
2020-08-11 21:41:42,125 INFO  [SoapUITestCaseRunner] Assertion [SOAP Response] has status VALID
2020-08-11 21:41:42,125 INFO  [SoapUITestCaseRunner] running step [idtransfer]
2020-08-11 21:41:42,138 INFO  [SoapUITestCaseRunner] running step [Getbyadressid]
2020-08-11 21:41:42,961 INFO  [SoapUITestCaseRunner] Assertion [SOAP Response] has status VALID
2020-08-11 21:41:42,961 INFO  [SoapUITestCaseRunner] running step [GetbyId]
2020-08-11 21:41:43,994 INFO  [SoapUITestCaseRunner] Assertion [SOAP Response] has status VALID
2020-08-11 21:41:43,995 INFO  [SoapUITestCaseRunner] running step [GetAllCustomer]
2020-08-11 21:41:52,608 INFO  [SoapUITestCaseRunner] Assertion [SOAP Response] has status VALID
2020-08-11 21:41:52,608 INFO  [SoapUITestCaseRunner] running step [idtransfer for delete]
2020-08-11 21:41:52,618 INFO  [SoapUITestCaseRunner] running step [Deletebyid]
2020-08-11 21:41:53,762 INFO  [SoapUITestCaseRunner] Assertion [SOAP Response] has status VALID
2020-08-11 21:41:53,763 INFO  [SoapUITestCaseRunner] running step [deletebyaddressid]
2020-08-11 21:41:54,557 INFO  [SoapUITestCaseRunner] Assertion [SOAP Response] has status VALID
2020-08-11 21:41:54,571 INFO  [SoapUITestCaseRunner] Finished running SoapUI testcase [ADD,DELETE,GETALL,GETBYID], time taken: 14542ms, status: FINISHED
2020-08-11 21:41:54,575 INFO  [SoapUITestCaseRunner] Running SoapUI testcase [DataDrivenTesting]
2020-08-11 21:41:54,575 INFO  [SoapUITestCaseRunner] running step [datadriven Testing]
2020-08-11 21:41:55,141 INFO  [log] 2 and 3
2020-08-11 21:41:55,150 INFO  [log] ayush1@gmail.com
2020-08-11 21:41:55,153 INFO  [log] ramg
2020-08-11 21:41:55,154 INFO  [log] shamg
2020-08-11 21:41:55,207 INFO  [SoapUITestCaseRunner] Running SoapUI testcase [ADD,DELETE,GETALL,GETBYID]
2020-08-11 21:41:55,208 INFO  [SoapUITestCaseRunner] running step [Property for add]
2020-08-11 21:41:55,208 INFO  [SoapUITestCaseRunner] running step [Add user transfer details]
2020-08-11 21:41:55,219 INFO  [SoapUITestCaseRunner] running step [Add]
2020-08-11 21:41:56,471 INFO  [SoapUITestCaseRunner] Assertion [SOAP Response] has status VALID
2020-08-11 21:41:56,471 INFO  [SoapUITestCaseRunner] running step [idtransfer]
2020-08-11 21:41:56,476 INFO  [SoapUITestCaseRunner] running step [Getbyadressid]
2020-08-11 21:41:57,211 INFO  [SoapUITestCaseRunner] Assertion [SOAP Response] has status VALID
2020-08-11 21:41:57,214 INFO  [SoapUITestCaseRunner] running step [GetbyId]
2020-08-11 21:41:57,986 INFO  [SoapUITestCaseRunner] Assertion [SOAP Response] has status VALID
2020-08-11 21:41:57,986 INFO  [SoapUITestCaseRunner] running step [GetAllCustomer]
2020-08-11 21:42:05,496 INFO  [SoapUITestCaseRunner] Assertion [SOAP Response] has status VALID
2020-08-11 21:42:05,497 INFO  [SoapUITestCaseRunner] running step [idtransfer for delete]
2020-08-11 21:42:05,499 INFO  [SoapUITestCaseRunner] running step [Deletebyid]
2020-08-11 21:42:06,972 INFO  [SoapUITestCaseRunner] Assertion [SOAP Response] has status VALID
2020-08-11 21:42:06,973 INFO  [SoapUITestCaseRunner] running step [deletebyaddressid]
2020-08-11 21:42:07,692 INFO  [SoapUITestCaseRunner] Assertion [SOAP Response] has status VALID
2020-08-11 21:42:07,692 INFO  [SoapUITestCaseRunner] Finished running SoapUI testcase [ADD,DELETE,GETALL,GETBYID], time taken: 12467ms, status: FINISHED
2020-08-11 21:42:07,692 INFO  [log] Status: FINISHED, time taken for TestCase was: 12467 ms
2020-08-11 21:42:07,711 INFO  [log] Number of test steps which ran: 10
2020-08-11 21:42:07,717 INFO  [log] ayush2@gmail.com
2020-08-11 21:42:07,718 INFO  [log] ramg
2020-08-11 21:42:07,718 INFO  [log] shamg
2020-08-11 21:42:07,726 INFO  [SoapUITestCaseRunner] Running SoapUI testcase [ADD,DELETE,GETALL,GETBYID]
2020-08-11 21:42:07,727 INFO  [SoapUITestCaseRunner] running step [Property for add]
2020-08-11 21:42:07,738 INFO  [SoapUITestCaseRunner] running step [Add user transfer details]
2020-08-11 21:42:07,745 INFO  [SoapUITestCaseRunner] running step [Add]
2020-08-11 21:42:09,100 INFO  [SoapUITestCaseRunner] Assertion [SOAP Response] has status VALID
2020-08-11 21:42:09,100 INFO  [SoapUITestCaseRunner] running step [idtransfer]
2020-08-11 21:42:09,104 INFO  [SoapUITestCaseRunner] running step [Getbyadressid]
2020-08-11 21:42:10,077 INFO  [SoapUITestCaseRunner] Assertion [SOAP Response] has status VALID
2020-08-11 21:42:10,077 INFO  [SoapUITestCaseRunner] running step [GetbyId]
2020-08-11 21:42:11,137 INFO  [SoapUITestCaseRunner] Assertion [SOAP Response] has status VALID
2020-08-11 21:42:11,137 INFO  [SoapUITestCaseRunner] running step [GetAllCustomer]
2020-08-11 21:42:19,442 INFO  [SoapUITestCaseRunner] Assertion [SOAP Response] has status VALID
2020-08-11 21:42:19,443 INFO  [SoapUITestCaseRunner] running step [idtransfer for delete]
2020-08-11 21:42:19,448 INFO  [SoapUITestCaseRunner] running step [Deletebyid]
2020-08-11 21:42:20,625 INFO  [SoapUITestCaseRunner] Assertion [SOAP Response] has status VALID
2020-08-11 21:42:20,625 INFO  [SoapUITestCaseRunner] running step [deletebyaddressid]
2020-08-11 21:42:21,355 INFO  [SoapUITestCaseRunner] Assertion [SOAP Response] has status VALID
2020-08-11 21:42:21,357 INFO  [SoapUITestCaseRunner] Finished running SoapUI testcase [ADD,DELETE,GETALL,GETBYID], time taken: 13597ms, status: FINISHED
2020-08-11 21:42:21,357 INFO  [log] Status: FINISHED, time taken for TestCase was: 13597 ms
2020-08-11 21:42:21,358 INFO  [log] Number of test steps which ran: 10
2020-08-11 21:42:21,359 INFO  [SoapUITestCaseRunner] Finished running SoapUI testcase [DataDrivenTesting], time taken: 26782ms, status: FINISHED
2020-08-11 21:42:21,363 INFO  [SoapUITestCaseRunner] Running SoapUI testcase [DataBase Testing]
2020-08-11 21:42:21,367 INFO  [SoapUITestCaseRunner] running step [DatabaseConnection]
2020-08-11 21:42:21,609 INFO  [SoapUITestCaseRunner] Assertion [Script Assertion] has status VALID
2020-08-11 21:42:21,609 INFO  [SoapUITestCaseRunner] Assertion [JDBC Status] has status VALID
2020-08-11 21:42:21,611 INFO  [SoapUITestCaseRunner] running step [Groovy Script]
2020-08-11 21:42:21,661 INFO  [log] 3
2020-08-11 21:42:21,668 INFO  [log] zen@gmail.com
2020-08-11 21:42:21,670 INFO  [log] ram
2020-08-11 21:42:21,672 INFO  [log] sham
2020-08-11 21:42:21,678 INFO  [SoapUITestCaseRunner] Running SoapUI testcase [ADD,DELETE,GETALL,GETBYID]
2020-08-11 21:42:21,679 INFO  [SoapUITestCaseRunner] running step [Property for add]
2020-08-11 21:42:21,686 INFO  [SoapUITestCaseRunner] running step [Add user transfer details]
2020-08-11 21:42:21,692 INFO  [SoapUITestCaseRunner] running step [Add]
2020-08-11 21:42:22,979 INFO  [SoapUITestCaseRunner] Assertion [SOAP Response] has status VALID
2020-08-11 21:42:22,980 INFO  [SoapUITestCaseRunner] running step [idtransfer]
2020-08-11 21:42:22,984 INFO  [SoapUITestCaseRunner] running step [Getbyadressid]
2020-08-11 21:42:23,766 INFO  [SoapUITestCaseRunner] Assertion [SOAP Response] has status VALID
2020-08-11 21:42:23,767 INFO  [SoapUITestCaseRunner] running step [GetbyId]
2020-08-11 21:42:24,585 INFO  [SoapUITestCaseRunner] Assertion [SOAP Response] has status VALID
2020-08-11 21:42:24,585 INFO  [SoapUITestCaseRunner] running step [GetAllCustomer]
2020-08-11 21:42:32,543 INFO  [SoapUITestCaseRunner] Assertion [SOAP Response] has status VALID
2020-08-11 21:42:32,544 INFO  [SoapUITestCaseRunner] running step [idtransfer for delete]
2020-08-11 21:42:32,549 INFO  [SoapUITestCaseRunner] running step [Deletebyid]
2020-08-11 21:42:33,665 INFO  [SoapUITestCaseRunner] Assertion [SOAP Response] has status VALID
2020-08-11 21:42:33,665 INFO  [SoapUITestCaseRunner] running step [deletebyaddressid]
2020-08-11 21:42:34,347 INFO  [SoapUITestCaseRunner] Assertion [SOAP Response] has status VALID
2020-08-11 21:42:34,347 INFO  [SoapUITestCaseRunner] Finished running SoapUI testcase [ADD,DELETE,GETALL,GETBYID], time taken: 12639ms, status: FINISHED
2020-08-11 21:42:34,348 INFO  [log] Status: FINISHED, time taken for TestCase was: 12639 ms
2020-08-11 21:42:34,349 INFO  [log] Number of test steps which ran: 10
2020-08-11 21:42:34,353 INFO  [log] zen123@gmail.com
2020-08-11 21:42:34,355 INFO  [log] ram
2020-08-11 21:42:34,364 INFO  [log] sham
2020-08-11 21:42:34,365 INFO  [SoapUITestCaseRunner] Running SoapUI testcase [ADD,DELETE,GETALL,GETBYID]
2020-08-11 21:42:34,372 INFO  [SoapUITestCaseRunner] running step [Property for add]
2020-08-11 21:42:34,372 INFO  [SoapUITestCaseRunner] running step [Add user transfer details]
2020-08-11 21:42:34,378 INFO  [SoapUITestCaseRunner] running step [Add]
2020-08-11 21:42:35,457 INFO  [SoapUITestCaseRunner] Assertion [SOAP Response] has status VALID
2020-08-11 21:42:35,458 INFO  [SoapUITestCaseRunner] running step [idtransfer]
2020-08-11 21:42:35,463 INFO  [SoapUITestCaseRunner] running step [Getbyadressid]
2020-08-11 21:42:36,205 INFO  [SoapUITestCaseRunner] Assertion [SOAP Response] has status VALID
2020-08-11 21:42:36,206 INFO  [SoapUITestCaseRunner] running step [GetbyId]
2020-08-11 21:42:36,950 INFO  [SoapUITestCaseRunner] Assertion [SOAP Response] has status VALID
2020-08-11 21:42:36,950 INFO  [SoapUITestCaseRunner] running step [GetAllCustomer]
2020-08-11 21:42:45,060 INFO  [SoapUITestCaseRunner] Assertion [SOAP Response] has status VALID
2020-08-11 21:42:45,061 INFO  [SoapUITestCaseRunner] running step [idtransfer for delete]
2020-08-11 21:42:45,067 INFO  [SoapUITestCaseRunner] running step [Deletebyid]
2020-08-11 21:42:46,256 INFO  [SoapUITestCaseRunner] Assertion [SOAP Response] has status VALID
2020-08-11 21:42:46,256 INFO  [SoapUITestCaseRunner] running step [deletebyaddressid]
2020-08-11 21:42:46,941 INFO  [SoapUITestCaseRunner] Assertion [SOAP Response] has status VALID
2020-08-11 21:42:46,941 INFO  [SoapUITestCaseRunner] Finished running SoapUI testcase [ADD,DELETE,GETALL,GETBYID], time taken: 12553ms, status: FINISHED
2020-08-11 21:42:46,942 INFO  [log] Status: FINISHED, time taken for TestCase was: 12553 ms
2020-08-11 21:42:46,942 INFO  [log] Number of test steps which ran: 10
2020-08-11 21:42:46,944 INFO  [log] zen12453@gmail.com
2020-08-11 21:42:46,946 INFO  [log] ram
2020-08-11 21:42:46,949 INFO  [log] sham
2020-08-11 21:42:46,954 INFO  [SoapUITestCaseRunner] Running SoapUI testcase [ADD,DELETE,GETALL,GETBYID]
2020-08-11 21:42:46,955 INFO  [SoapUITestCaseRunner] running step [Property for add]
2020-08-11 21:42:46,957 INFO  [SoapUITestCaseRunner] running step [Add user transfer details]
2020-08-11 21:42:46,962 INFO  [SoapUITestCaseRunner] running step [Add]
2020-08-11 21:42:47,824 INFO  [SoapUITestCaseRunner] Assertion [SOAP Response] has status VALID
2020-08-11 21:42:47,824 INFO  [SoapUITestCaseRunner] running step [idtransfer]
2020-08-11 21:42:47,828 INFO  [SoapUITestCaseRunner] running step [Getbyadressid]
2020-08-11 21:42:48,896 INFO  [SoapUITestCaseRunner] Assertion [SOAP Response] has status VALID
2020-08-11 21:42:48,896 INFO  [SoapUITestCaseRunner] running step [GetbyId]
2020-08-11 21:42:49,854 INFO  [SoapUITestCaseRunner] Assertion [SOAP Response] has status VALID
2020-08-11 21:42:49,854 INFO  [SoapUITestCaseRunner] running step [GetAllCustomer]
2020-08-11 21:42:57,304 INFO  [SoapUITestCaseRunner] Assertion [SOAP Response] has status VALID
2020-08-11 21:42:57,304 INFO  [SoapUITestCaseRunner] running step [idtransfer for delete]
2020-08-11 21:42:57,310 INFO  [SoapUITestCaseRunner] running step [Deletebyid]
2020-08-11 21:42:58,437 INFO  [SoapUITestCaseRunner] Assertion [SOAP Response] has status VALID
2020-08-11 21:42:58,438 INFO  [SoapUITestCaseRunner] running step [deletebyaddressid]
2020-08-11 21:42:59,152 INFO  [SoapUITestCaseRunner] Assertion [SOAP Response] has status VALID
2020-08-11 21:42:59,153 INFO  [SoapUITestCaseRunner] Finished running SoapUI testcase [ADD,DELETE,GETALL,GETBYID], time taken: 12174ms, status: FINISHED
2020-08-11 21:42:59,154 INFO  [log] Status: FINISHED, time taken for TestCase was: 12174 ms
2020-08-11 21:42:59,154 INFO  [log] Number of test steps which ran: 10
2020-08-11 21:42:59,155 INFO  [SoapUITestCaseRunner] Finished running SoapUI testcase [DataBase Testing], time taken: 37780ms, status: FINISHED
2020-08-11 21:42:59,156 INFO  [SoapUITestCaseRunner] Project [Project Submission] finished with status [FINISHED] in 79193ms
2020-08-11 21:46:24,988 WARN  [Tools] Could not delete temporary directory C:\Users\MOHITG~1\AppData\Local\Temp\3e6976bf-94d0-4cfa-9e30-854b90024238
2020-08-11 21:46:25,000 WARN  [Tools] Could not delete temporary directory C:\Users\MOHITG~1\AppData\Local\Temp\31cdeffd-f097-4bdd-bd88-94fa9d719e49
